2025-07-27 22:17:40,933 - INFO - Placing market buy order for BTCUSDT
2025-07-27 22:17:40,933 - ERROR - Invalid quantity: must be greater than 0
2025-07-27 22:24:04,498 - ERROR - Binance API Error: APIError(code=0): Invalid JSON error message from Binance: <!DOCTYPE HTML PUBLIC "-//W3C//DTD HTML 4.01 Transitional//EN" "http://www.w3.org/TR/html4/loose.dtd">
<HTML><HEAD><META HTTP-EQUIV="Content-Type" CONTENT="text/html; charset=iso-8859-1">
<TITLE>ERROR: The request could not be satisfied</TITLE>
</HEAD><BODY>
<H1>403 ERROR</H1>
<H2>The request could not be satisfied.</H2>
<HR noshade size="1px">
Request blocked.
We can't connect to the server for this app or website at this time. There might be too much traffic or a configuration error. Try again later, or contact the app or website owner.
<BR clear="all">
If you provide content to customers through CloudFront, you can find steps to troubleshoot and help prevent this error by reviewing the CloudFront documentation.
<BR clear="all">
<HR noshade size="1px">
<PRE>
Generated by cloudfront (CloudFront)
Request ID: Tqd-c9SFd0_Ap71e6_4-_Jf2J2QQoysCSEJ5feVSkT5zWYoe-UiRvA==
</PRE>
<ADDRESS>
</ADDRESS>
</BODY></HTML>
2025-07-27 22:35:05,532 - ERROR - Binance API Error: APIError(code=0): Invalid JSON error message from Binance: <!DOCTYPE HTML PUBLIC "-//W3C//DTD HTML 4.01 Transitional//EN" "http://www.w3.org/TR/html4/loose.dtd">
2025-07-27 22:35:27,828 - ERROR - General Error: API Secret required for private endpoints
2025-07-27 22:40:50,744 - ERROR - General Error: API Secret required for private endpoints
2025-07-27 22:46:53,676 - ERROR - General Error: API Secret required for private endpoints
2025-07-27 22:49:42,685 - ERROR - Binance API Error: APIError(code=0): Invalid JSON error message from Binance: <!DOCTYPE HTML PUBLIC "-//W3C//DTD HTML 4.01 Transitional//EN" "http://www.w3.org/TR/html4/loose.dtd">
2025-07-27 22:50:24,713 - INFO - Market order placed: BUY 0.01 BTCUSDT
2025-07-27 22:55:59,048 - INFO - Limit order placed: BUY 0.01 BTCUSDT at 60000
2025-07-27 22:57:37,888 - ERROR - Binance API error: APIError(code=-1106): Parameter 'price' sent when not required.
2025-07-27 22:59:50,355 - INFO - STOP (stop-limit) order placed: SELL 0.01 BTCUSDT @ 60000.0 (stop 59000.0)
2025-07-27 23:03:11,371 - INFO - OCO simulated: TP @ 61000.0, SL @ 59000.0, side: SELL, qty: 0.01
2025-07-27 23:04:06,185 - ERROR - Binance API error: APIError(code=-2021): Order would immediately trigger.
2025-07-27 23:06:54,497 - INFO - OCO Simulated — TP: 61000.0, SL: 59000.0, Side: SELL
2025-07-27 23:10:28,061 - INFO - TWAP chunk 1/5: BUY 0.01 BTCUSDT
2025-07-27 23:10:38,237 - INFO - TWAP chunk 2/5: BUY 0.01 BTCUSDT
2025-07-27 23:10:48,412 - INFO - TWAP chunk 3/5: BUY 0.01 BTCUSDT
2025-07-27 23:10:58,897 - INFO - TWAP chunk 4/5: BUY 0.01 BTCUSDT
2025-07-27 23:11:09,383 - INFO - TWAP chunk 5/5: BUY 0.01 BTCUSDT
2025-07-27 23:14:42,294 - INFO - Grid Order 1/5: BUY 0.01 BTCUSDT at 59000.0
2025-07-27 23:14:42,769 - INFO - Grid Order 2/5: BUY 0.01 BTCUSDT at 59200.0
2025-07-27 23:14:42,938 - INFO - Grid Order 3/5: BUY 0.01 BTCUSDT at 59400.0
2025-07-27 23:14:43,106 - INFO - Grid Order 4/5: BUY 0.01 BTCUSDT at 59600.0
2025-07-27 23:14:43,598 - INFO - Grid Order 5/5: BUY 0.01 BTCUSDT at 59800.0
